<?xml version="1.0" encoding="UTF-8"?>
<!-- Generated by org.testng.reporters.JUnitXMLReporter -->
<testsuite hostname="sandy-PC" ignored="0" name="Default test" tests="3" failures="0" timestamp="21 Feb 2017 19:47:55 GMT" time="5.29" errors="0">
  <testcase name="VerifyInvalidLogin" time="0.0" classname="com.my.TestNGTutorial.ReadExcelDataProvider"/>
  <testcase name="VerifyInvalidLogin" time="0.0" classname="com.my.TestNGTutorial.ReadExcelDataProvider"/>
  <testcase name="tearDown" time="0.219" classname="com.my.TestNGTutorial.ReadExcelDataProvider"/>
</testsuite> <!-- Default test -->
