<?xml version="1.0" encoding="UTF-8"?>
<testng-results skipped="0" failed="0" ignored="0" total="3" passed="3">
  <reporter-output>
  </reporter-output>
  <suite name="Default suite" duration-ms="5290" started-at="2017-02-21T19:47:50Z" finished-at="2017-02-21T19:47:55Z">
    <groups>
    </groups>
    <test name="Default test" duration-ms="5290" started-at="2017-02-21T19:47:50Z" finished-at="2017-02-21T19:47:55Z">
      <class name="com.my.TestNGTutorial.ReadExcelDataProvider">
        <test-method status="PASS" signature="testSetup()[pri:0, instance:com.my.TestNGTutorial.ReadExcelDataProvider@4b9e13df]" name="testSetup" is-config="true" duration-ms="4900" started-at="2017-02-22T01:17:50Z" finished-at="2017-02-22T01:17:55Z">
          <reporter-output>
          </reporter-output>
        </test-method> <!-- testSetup -->
        <test-method status="PASS" signature="VerifyInvalidLogin(java.lang.String, java.lang.String, java.lang.String)[pri:0, instance:com.my.TestNGTutorial.ReadExcelDataProvider@4b9e13df]" name="VerifyInvalidLogin" duration-ms="0" started-at="2017-02-22T01:17:55Z" data-provider="empLogin" finished-at="2017-02-22T01:17:55Z">
          <params>
            <param index="0">
              <value>
                <![CDATA[asn]]>
              </value>
            </param>
            <param index="1">
              <value>
                <![CDATA[cvfgd]]>
              </value>
            </param>
            <param index="2">
              <value>
                <![CDATA[ter]]>
              </value>
            </param>
          </params>
          <reporter-output>
          </reporter-output>
        </test-method> <!-- VerifyInvalidLogin -->
        <test-method status="PASS" signature="tearDown()[pri:0, instance:com.my.TestNGTutorial.ReadExcelDataProvider@4b9e13df]" name="tearDown" duration-ms="219" started-at="2017-02-22T01:17:55Z" finished-at="2017-02-22T01:17:55Z">
          <reporter-output>
          </reporter-output>
        </test-method> <!-- tearDown -->
        <test-method status="PASS" signature="VerifyInvalidLogin(java.lang.String, java.lang.String, java.lang.String)[pri:0, instance:com.my.TestNGTutorial.ReadExcelDataProvider@4b9e13df]" name="VerifyInvalidLogin" duration-ms="0" started-at="2017-02-22T01:17:55Z" data-provider="empLogin" finished-at="2017-02-22T01:17:55Z">
          <params>
            <param index="0">
              <value>
                <![CDATA[l]]>
              </value>
            </param>
            <param index="1">
              <value>
                <![CDATA[mkm]]>
              </value>
            </param>
            <param index="2">
              <value>
                <![CDATA[tes]]>
              </value>
            </param>
          </params>
          <reporter-output>
          </reporter-output>
        </test-method> <!-- VerifyInvalidLogin -->
      </class> <!-- com.my.TestNGTutorial.ReadExcelDataProvider -->
    </test> <!-- Default test -->
  </suite> <!-- Default suite -->
</testng-results>
